<?xml version="1.0" encoding="UTF-8"?>
<testng-results ignored="0" total="1" passed="1" failed="0" skipped="0">
  <reporter-output>
  </reporter-output>
  <suite started-at="2020-10-04T21:25:59 EDT" name="Default suite" finished-at="2020-10-04T21:26:03 EDT" duration-ms="4220">
    <groups>
    </groups>
    <test started-at="2020-10-04T21:25:59 EDT" name="Default test" finished-at="2020-10-04T21:26:03 EDT" duration-ms="4220">
      <class name="selenium.PDFReaderTest">
        <test-method signature="readPDF()[pri:0, instance:selenium.PDFReaderTest@77f80c04]" started-at="2020-10-04T21:25:59 EDT" name="readPDF" finished-at="2020-10-04T21:26:03 EDT" duration-ms="4180" status="PASS">
          <reporter-output>
          </reporter-output>
        </test-method> <!-- readPDF -->
      </class> <!-- selenium.PDFReaderTest -->
    </test> <!-- Default test -->
  </suite> <!-- Default suite -->
</testng-results>
